0 info it worked if it ends with ok
1 verbose cli [ '/usr/local/bin/node', '/usr/local/bin/npm', 'run', 'build' ]
2 info using npm@3.10.8
3 info using node@v6.9.1
4 verbose run-script [ 'prebuild', 'build', 'postbuild' ]
5 info lifecycle vodal@1.0.3~prebuild: vodal@1.0.3
6 silly lifecycle vodal@1.0.3~prebuild: no script for prebuild, continuing
7 info lifecycle vodal@1.0.3~build: vodal@1.0.3
8 verbose lifecycle vodal@1.0.3~build: unsafe-perm in lifecycle true
9 verbose lifecycle vodal@1.0.3~build: PATH: /usr/local/lib/node_modules/npm/bin/node-gyp-bin:/Users/chenjiahan/Project/vodal/node_modules/.bin:/Users/chenjiahan/.rvm/gems/ruby-2.0.0-p643/bin:/Users/chenjiahan/.rvm/gems/ruby-2.0.0-p643@global/bin:/Users/chenjiahan/.rvm/rubies/ruby-2.0.0-p643/bin:node_modules/.bin:/Users/chenjiahan/bin:/usr/local/bin:/usr/local/bin:/usr/bin:/bin:/usr/sbin:/sbin:/usr/local/git/bin:/Users/chenjiahan/.rvm/bin
10 verbose lifecycle vodal@1.0.3~build: CWD: /Users/chenjiahan/Project/vodal
11 silly lifecycle vodal@1.0.3~build: Args: [ '-c', 'webpack -p --hide-modules' ]
12 info lifecycle vodal@1.0.3~build: Failed to exec build script
13 verbose stack Error: vodal@1.0.3 build: `webpack -p --hide-modules`
13 verbose stack spawn ENOENT
13 verbose stack     at ChildProcess.<anonymous> (/usr/local/lib/node_modules/npm/lib/utils/spawn.js:33:16)
13 verbose stack     at emitTwo (events.js:106:13)
13 verbose stack     at ChildProcess.emit (events.js:191:7)
13 verbose stack     at maybeClose (internal/child_process.js:877:16)
13 verbose stack     at Process.ChildProcess._handle.onexit (internal/child_process.js:226:5)
14 verbose pkgid vodal@1.0.3
15 verbose cwd /Users/chenjiahan/Project/vodal
16 error Darwin 16.3.0
17 error argv "/usr/local/bin/node" "/usr/local/bin/npm" "run" "build"
18 error node v6.9.1
19 error npm  v3.10.8
20 error file sh
21 error code ELIFECYCLE
22 error errno ENOENT
23 error syscall spawn
24 error vodal@1.0.3 build: `webpack -p --hide-modules`
24 error spawn ENOENT
25 error Failed at the vodal@1.0.3 build script 'webpack -p --hide-modules'.
25 error Make sure you have the latest version of node.js and npm installed.
25 error If you do, this is most likely a problem with the vodal package,
25 error not with npm itself.
25 error Tell the author that this fails on your system:
25 error     webpack -p --hide-modules
25 error You can get information on how to open an issue for this project with:
25 error     npm bugs vodal
25 error Or if that isn't available, you can get their info via:
25 error     npm owner ls vodal
25 error There is likely additional logging output above.
26 verbose exit [ 1, true ]
